[00:05:28] Syringe 0.7.3.0
[00:05:28] ===============

[00:05:28] WinMain: arguments = ""gamemd.exe" "
[00:05:28] WinMain: Trying to load executable file "gamemd.exe"...

[00:05:28] SyringeDebugger::RetrieveInfo: Retrieving info from the executable file...
[00:05:28] SyringeDebugger::RetrieveInfo: Executable information successfully retrieved.
[00:05:28] 	exe = gamemd.exe
[00:05:28] 	pImLoadLibrary = 0x007E1220
[00:05:28] 	pImGetProcAddress = 0x007E1250
[00:05:28] 	pcEntryPoint = 0x007CD80F
[00:05:28] 	dwExeSize = 0x00497110
[00:05:28] 	dwExeCRC = 0x54CC0A13
[00:05:28] 	dwTimestamp = 0x3BDF544E

[00:05:28] SyringeDebugger::RetrieveInfo: Opening gamemd.exe to determine imports.
[00:05:28] WinMain: SyringeDebugger::FindDLLs();

[00:05:28] SyringeDebugger::FindDLLs: Recognized DLL: "Ares.dll"
[00:05:28] SyringeDebugger::Handshake: Calling "Ares.dll" ...
[00:05:28] SyringeDebugger::Handshake: Answers "Found Yuri's Revenge 1.001 (modified). Applying Ares 3.0p1." (0)
[00:05:28] SyringeDebugger::FindDLLs: Recognized DLL: "Phobos.dll"
[00:05:28] SyringeDebugger::FindDLLs: Done (2548 hooks added).

[00:05:28] WinMain: SyringeDebugger::Run(" ");

[00:05:28] SyringeDebugger::Run: Running process to debug. cmd = "gamemd.exe  "
[00:05:28] SyringeDebugger::Run: Allocating 0x580 bytes...
[00:05:28] SyringeDebugger::Run: pAlloc = 0x001C0000
[00:05:28] SyringeDebugger::Run: Writing DLL loader & caller code...
[00:05:28] SyringeDebugger::Run: pcLoadLibrary = 0x001C0000
[00:05:28] SyringeDebugger::Run: Entering debug loop...
[00:05:28] SyringeDebugger::HandleException: Finished retrieving proc addresses.
[00:05:28] SyringeDebugger::HandleException: Creating code hooks.
[00:06:55] SyringeDebugger::Run: Done with exit code 0 (0).

[00:06:55] WinMain: SyringeDebugger::Run finished.
[00:06:55] WinMain: Exiting on success.
